Removed Pin From Net: NetName=5V Pin=L1-1
Removed Pin From Net: NetName=5V Pin=L2-1
Removed Pin From Net: NetName=5V Pin=P1-1
Removed Pin From Net: NetName=BUTTON_SWEEP_ZERO Pin=P1-2
Removed Pin From Net: NetName=5V Pin=P2-1
Removed Pin From Net: NetName=BUTTON_POS_TOGG Pin=P2-2
Removed Pin From Net: NetName=5V Pin=P3-1
Removed Pin From Net: NetName=BUTTON_LASER_TOGG Pin=P3-2
Removed Pin From Net: NetName=BUTTON_SWEEP_ZERO Pin=R4-1
Removed Pin From Net: NetName=GND Pin=R4-2
Removed Pin From Net: NetName=GND Pin=R5-1
Removed Pin From Net: NetName=BUTTON_POS_TOGG Pin=R5-2
Removed Pin From Net: NetName=BUTTON_LASER_TOGG Pin=R6-1
Removed Pin From Net: NetName=GND Pin=R6-2
Removed Member From Class: ClassName=fat Member=P1
Removed Member From Class: ClassName=fat Member=P2
Removed Member From Class: ClassName=fat Member=P3
Change Component Comment : Designator=R5 Old Comment=680 New Comment=MFR-25FBF52-1K
Added Component: Designator=SW1(SW_SKHHANA010)
Add component (AddParameter): Name = "Availability"; Value = "Unavailable"; VariantName = "[No Variations]"
Add component (AddParameter): Name = "MF"; Value = "ALPS"; VariantName = "[No Variations]"
Add component (AddParameter): Name = "MP"; Value = "SKHHANA010"; VariantName = "[No Variations]"
Add component (AddParameter): Name = "Package"; Value = "None"; VariantName = "[No Variations]"
Add component (AddParameter): Name = "Price"; Value = "None"; VariantName = "[No Variations]"
Add component (AddParameter): Name = "SnapEDA_Link"; Value = "https://www.snapeda.com/parts/SKHHANA010/ALPS/view-part/248805/?ref=snap"; VariantName = "[No Variations]"
Add component (AddParameter): Name = "Value"; Value = ""; VariantName = "[No Variations]"
Added Component: Designator=SW2(SW_SKHHANA010)
Add component (AddParameter): Name = "Availability"; Value = "Unavailable"; VariantName = "[No Variations]"
Add component (AddParameter): Name = "MF"; Value = "ALPS"; VariantName = "[No Variations]"
Add component (AddParameter): Name = "MP"; Value = "SKHHANA010"; VariantName = "[No Variations]"
Add component (AddParameter): Name = "Package"; Value = "None"; VariantName = "[No Variations]"
Add component (AddParameter): Name = "Price"; Value = "None"; VariantName = "[No Variations]"
Add component (AddParameter): Name = "SnapEDA_Link"; Value = "https://www.snapeda.com/parts/SKHHANA010/ALPS/view-part/248805/?ref=snap"; VariantName = "[No Variations]"
Add component (AddParameter): Name = "Value"; Value = ""; VariantName = "[No Variations]"
Added Component: Designator=SW3(SW_SKHHANA010)
Add component (AddParameter): Name = "Availability"; Value = "Unavailable"; VariantName = "[No Variations]"
Add component (AddParameter): Name = "MF"; Value = "ALPS"; VariantName = "[No Variations]"
Add component (AddParameter): Name = "MP"; Value = "SKHHANA010"; VariantName = "[No Variations]"
Add component (AddParameter): Name = "Package"; Value = "None"; VariantName = "[No Variations]"
Add component (AddParameter): Name = "Price"; Value = "None"; VariantName = "[No Variations]"
Add component (AddParameter): Name = "SnapEDA_Link"; Value = "https://www.snapeda.com/parts/SKHHANA010/ALPS/view-part/248805/?ref=snap"; VariantName = "[No Variations]"
Add component (AddParameter): Name = "Value"; Value = ""; VariantName = "[No Variations]"
Added Pin To Net: NetName=LASER_AWAY Pin=L1-1
Added Pin To Net: NetName=LASER_SWEEP_ZERO Pin=L2-1
Added Pin To Net: NetName=GND Pin=R4-1
Added Pin To Net: NetName=BUTTON_SWEEP_ZERO Pin=R4-2
Added Pin To Net: NetName=BUTTON_POS_TOGG Pin=R5-1
Added Pin To Net: NetName=GND Pin=R5-2
Added Pin To Net: NetName=GND Pin=R6-1
Added Pin To Net: NetName=BUTTON_LASER_TOGG Pin=R6-2
Added Pin To Net: NetName=5V Pin=SW1-1
Added Pin To Net: NetName=5V Pin=SW1-2
Added Pin To Net: NetName=BUTTON_SWEEP_ZERO Pin=SW1-3
Added Pin To Net: NetName=BUTTON_SWEEP_ZERO Pin=SW1-4
Added Pin To Net: NetName=5V Pin=SW2-1
Added Pin To Net: NetName=5V Pin=SW2-2
Added Pin To Net: NetName=BUTTON_POS_TOGG Pin=SW2-3
Added Pin To Net: NetName=BUTTON_POS_TOGG Pin=SW2-4
Added Pin To Net: NetName=5V Pin=SW3-1
Added Pin To Net: NetName=5V Pin=SW3-2
Added Pin To Net: NetName=BUTTON_LASER_TOGG Pin=SW3-3
Added Pin To Net: NetName=BUTTON_LASER_TOGG Pin=SW3-4
Added Member To Class: ClassName=fat Member=Component R4 680
Added Member To Class: ClassName=fat Member=Component SW1 SKHHANA010
Added Member To Class: ClassName=fat Member=Component SW2 SKHHANA010
Added Member To Class: ClassName=fat Member=Component SW3 SKHHANA010
